Arguments: 
  C:\Program Files\nodejs\node.exe C:\Users\ana.sinigaglia\AppData\Roaming\npm\node_modules\yarn\bin\yarn.js test Estudos/Vedovelli/API/movie-api.spec.js

PATH: 
  C:\Program Files\Common Files\Oracle\Java\javapath;C:\Windows\system32;C:\Windows;C:\Windows\System32\Wbem;C:\Windows\System32\WindowsPowerShell\v1.0\;C:\Windows\System32\OpenSSH\;C:\Program Files\PuTTY\;C:\Program Files\Git\cmd;C:\Program Files\Microsoft SQL Server\Client SDK\ODBC\170\Tools\Binn\;C:\Program Files (x86)\Microsoft SQL Server\150\Tools\Binn\;C:\Program Files\Microsoft SQL Server\150\Tools\Binn\;C:\Program Files\Microsoft SQL Server\150\DTS\Binn\;C:\Program Files (x86)\Microsoft SQL Server\150\DTS\Binn\;C:\Program Files\dotnet\;C:\Program Files\Microsoft SQL Server\130\Tools\Binn\;C:\Program Files\Java\jdk-11.0.8\bin;C:\Program Files\Maven\bin;%NVM_HOME%;%NVM_SYMLINK%;C:\Program Files\Docker\Docker\resources\bin;C:\ProgramData\DockerDesktop\version-bin;C:\Users\ana.sinigaglia\AppData\Local\Microsoft\WindowsApps;C:\Users\ana.sinigaglia\AppData\Local\Programs\Microsoft VS Code\bin;C:\Users\ana.sinigaglia\.dotnet\tools;C:\Users\ana.sinigaglia\AppData\Roaming\npm;C:\Users\ana.sinigaglia\AppData\Local\Keybase\;C:\Users\ana.sinigaglia\AppData\Roaming\nvm;C:\Program Files\nodejs

Yarn version: 
  1.22.10

Node version: 
  12.18.4

Platform: 
  win32 x64

Trace: 
  SyntaxError: C:\Users\ana.sinigaglia\Documents\Programacao\Squad-fora-devops\JS-Mocks\package.json: Unexpected token } in JSON at position 248
      at JSON.parse (<anonymous>)
      at C:\Users\ana.sinigaglia\AppData\Roaming\npm\node_modules\yarn\lib\cli.js:1625:59
      at Generator.next (<anonymous>)
      at step (C:\Users\ana.sinigaglia\AppData\Roaming\npm\node_modules\yarn\lib\cli.js:310:30)
      at C:\Users\ana.sinigaglia\AppData\Roaming\npm\node_modules\yarn\lib\cli.js:321:13

npm manifest: 
  {
    "name": "js-testing-introduction",
    "version": "1.0.0",
    "description": "An introduction to JS testing",
    "main": "app.js",
    "scripts": {
      "start": "webpack app.js --mode development --watch",
      "test": "jest",
      "type": "module",
    },
    "keywords": [
      "js",
      "javascript",
      "testing",
      "jest",
      "unit",
      "tests",
      "integration",
      "tests",
      "e2e",
      "tests"
    ],
    "author": "Maximilian Schwarzmüller/ Academind GmbH",
    "license": "ISC",
    "devDependencies": {
      "webpack": "^4.20.2",
      "webpack-cli": "^3.1.2"
    },
    "dependencies": {
      "axios": "^0.20.0",
      "jest": "^26.6.0",
      "svelte": "^3.29.4"
    }
  }

yarn manifest: 
  No manifest

Lockfile: 
  No lockfile
